<?xml version="1.0" encoding="UTF-8"?>
<!-- Generated by org.testng.reporters.JUnitXMLReporter -->
<testsuite hostname="Chetan-Nanda" ignored="4" name="SeleniumEasy" tests="4" failures="0" timestamp="2021-05-16T16:58:27 IST" time="8.709" errors="0">
  <testcase name="inputForms_simpleFormDemo" time="3.767" classname="TestCases.InputForms_TestCases"/>
  <testcase name="inputForms_checkBoxDemo_Single" time="1.069" classname="TestCases.InputForms_TestCases"/>
  <testcase name="inputForms_checkBoxDemo_Multiple" time="0.061" classname="TestCases.InputForms_TestCases"/>
  <testcase name="bootstrapDatePicker" time="3.793" classname="TestCases.DatePickers_TestCases"/>
  <testcase name="@AfterSuite tearDown" time="0.0" classname="TestCases.InvokeBrowser">
    <ignored/>
  </testcase> <!-- @AfterSuite tearDown -->
  <testcase name="@AfterSuite tearDown" time="0.0" classname="TestCases.InvokeBrowser">
    <ignored/>
  </testcase> <!-- @AfterSuite tearDown -->
  <testcase name="@BeforeSuite invokeBrowser" time="0.0" classname="TestCases.InvokeBrowser">
    <ignored/>
  </testcase> <!-- @BeforeSuite invokeBrowser -->
  <testcase name="@BeforeSuite invokeBrowser" time="0.0" classname="TestCases.InvokeBrowser">
    <ignored/>
  </testcase> <!-- @BeforeSuite invokeBrowser -->
</testsuite> <!-- SeleniumEasy -->
